<?xml version="1.0" encoding="UTF-8"?>
<coverage generated="1787229057223" clover="3.2.0">
  <project timestamp="1787229057223" name="All files">
    <metrics statements="16" coveredstatements="15" conditionals="11" coveredconditionals="9" methods="3" coveredmethods="3" elements="30" coveredelements="27" complexity="0" loc="16" ncloc="16" packages="1" files="1" classes="1"/>
    <file name="ApiService.js" path="D:\Course Learning Platfrom\frontend\src\services\ApiService.js">
      <metrics statements="16" coveredstatements="15" conditionals="11" coveredconditionals="9" methods="3" coveredmethods="3"/>
      <line num="3" count="5" type="cond" truecount="1" falsecount="1"/>
      <line num="4" count="0" type="stmt"/>
      <line num="6" count="5" type="stmt"/>
      <line num="7" count="5" type="stmt"/>
      <line num="11" count="6" type="cond" truecount="2" falsecount="0"/>
      <line num="12" count="5" type="stmt"/>
      <line num="14" count="6" type="stmt"/>
      <line num="18" count="4" type="stmt"/>
      <line num="20" count="4" type="cond" truecount="2" falsecount="0"/>
      <line num="21" count="1" type="stmt"/>
      <line num="22" count="3" type="cond" truecount="2" falsecount="0"/>
      <line num="23" count="1" type="stmt"/>
      <line num="26" count="4" type="stmt"/>
      <line num="27" count="4" type="cond" truecount="2" falsecount="0"/>
      <line num="28" count="1" type="stmt"/>
      <line num="31" count="3" type="stmt"/>
    </file>
  </project>
</coverage>
